<?xml version="1.0" encoding="utf-8"?><testsuites name="pytest tests"><testsuite name="pytest" errors="0" failures="0" skipped="1" tests="12" time="2.993" timestamp="2026-08-01T13:09:36.208317+00:00" hostname="agent-env-6dc814e9-8213-4dae-8922-cc00bb8369af"><testcase classname="backend.tests.test_iter31_marketing_and_invoice.TestLogin" name="test_login_role_is_salon" time="0.381" /><testcase classname="backend.tests.test_iter31_marketing_and_invoice.TestMarketingTemplates" name="test_create_marketing_template_200" time="0.275" /><testcase classname="backend.tests.test_iter31_marketing_and_invoice.TestMarketingSettings" name="test_put_marketing_settings_200" time="0.168" /><testcase classname="backend.tests.test_iter31_marketing_and_invoice.TestMarketingSettings" name="test_sending_windows_200" time="0.160" /><testcase classname="backend.tests.test_iter31_marketing_and_invoice.TestCoupons" name="test_create_coupon_200" time="0.546" /><testcase classname="backend.tests.test_iter31_marketing_and_invoice.TestInvoiceView" name="test_invoice_view_returns_200_html" time="0.811"><skipped type="pytest.skip" message="No invoice_id found in tokens/history to test invoice-view">/app/backend/tests/test_iter31_marketing_and_invoice.py:166: No invoice_id found in tokens/history to test invoice-view</skipped></testcase><testcase classname="backend.tests.test_iter31_marketing_and_invoice.TestTwilioConfig" name="test_twilio_whatsapp_number_is_production" time="0.000" /><testcase classname="backend.tests.test_iter31_marketing_and_invoice.TestRegression" name="test_legacy_endpoints_200[/api/salon/store/products]" time="0.115" /><testcase classname="backend.tests.test_iter31_marketing_and_invoice.TestRegression" name="test_legacy_endpoints_200[/api/salon/store/orders]" time="0.103" /><testcase classname="backend.tests.test_iter31_marketing_and_invoice.TestRegression" name="test_legacy_endpoints_200[/api/salon/inventory]" time="0.113" /><testcase classname="backend.tests.test_iter31_marketing_and_invoice.TestRegression" name="test_mark_all_present_200" time="0.132" /><testcase classname="backend.tests.test_iter31_marketing_and_invoice.TestRegression" name="test_customers_list_200" time="0.123" /></testsuite></testsuites>