<?xml version="1.0" encoding="utf-8"?><testsuites name="pytest tests"><testsuite name="pytest" errors="0" failures="0" skipped="2" tests="19" time="4.065" timestamp="2026-07-26T17:39:53.965518+00:00" hostname="agent-env-6dc814e9-8213-4dae-8922-cc00bb8369af"><testcase classname="backend.tests.test_iter26_p0_p2_bugs.TestSalonUsersLogin" name="test_login_admin_identifier" time="0.496" /><testcase classname="backend.tests.test_iter26_p0_p2_bugs.TestSalonUsersLogin" name="test_login_phone_identifier" time="0.413" /><testcase classname="backend.tests.test_iter26_p0_p2_bugs.TestSalonUsersLogin" name="test_login_wrong_password" time="0.322" /><testcase classname="backend.tests.test_iter26_p0_p2_bugs.TestQueueRange" name="test_salon_queue_single_date" time="0.443" /><testcase classname="backend.tests.test_iter26_p0_p2_bugs.TestQueueRange" name="test_salon_queue_range" time="0.132" /><testcase classname="backend.tests.test_iter26_p0_p2_bugs.TestQueueRange" name="test_barber_queue_range" time="0.248" /><testcase classname="backend.tests.test_iter26_p0_p2_bugs.TestReportsPrefsTargets" name="test_get_prefs" time="0.145" /><testcase classname="backend.tests.test_iter26_p0_p2_bugs.TestReportsPrefsTargets" name="test_put_prefs" time="0.262" /><testcase classname="backend.tests.test_iter26_p0_p2_bugs.TestReportsPrefsTargets" name="test_put_target" time="0.108" /><testcase classname="backend.tests.test_iter26_p0_p2_bugs.TestReportsSnapshot" name="test_snapshot_month" time="0.117" /><testcase classname="backend.tests.test_iter26_p0_p2_bugs.TestReportsSnapshot" name="test_report_subroutes_month[sales]" time="0.100" /><testcase classname="backend.tests.test_iter26_p0_p2_bugs.TestReportsSnapshot" name="test_report_subroutes_month[payments-gst]" time="0.104" /><testcase classname="backend.tests.test_iter26_p0_p2_bugs.TestReportsSnapshot" name="test_report_subroutes_month[pnl]" time="0.149" /><testcase classname="backend.tests.test_iter26_p0_p2_bugs.TestReportsSnapshot" name="test_report_subroutes_month[clients]" time="0.114" /><testcase classname="backend.tests.test_iter26_p0_p2_bugs.TestReportsSnapshot" name="test_report_subroutes_month[marketing]" time="0.169" /><testcase classname="backend.tests.test_iter26_p0_p2_bugs.TestReportsSnapshot" name="test_report_subroutes_month[inventory]" time="0.098" /><testcase classname="backend.tests.test_iter26_p0_p2_bugs.TestBulkToggle" name="test_bulk_toggle_empty_400" time="0.160" /><testcase classname="backend.tests.test_iter26_p0_p2_bugs.TestBulkToggle" name="test_bulk_toggle_disable_then_enable" time="0.107"><skipped type="pytest.skip" message="no services to toggle">/app/backend/tests/test_iter26_p0_p2_bugs.py:197: no services to toggle</skipped></testcase><testcase classname="backend.tests.test_iter26_p0_p2_bugs.TestSupplierProductsPurge" name="test_shop_no_fixture_products" time="0.322"><skipped type="pytest.skip" message="no shop/supplier-product endpoint found">/app/backend/tests/test_iter26_p0_p2_bugs.py:237: no shop/supplier-product endpoint found</skipped></testcase></testsuite></testsuites>