<?xml version="1.0" encoding="utf-8"?><testsuites name="pytest tests"><testsuite name="pytest" errors="0" failures="0" skipped="0" tests="14" time="3.288" timestamp="2026-08-01T11:34:40.810129+00:00" hostname="agent-env-6dc814e9-8213-4dae-8922-cc00bb8369af"><testcase classname="backend.tests.test_iter30_auth_and_soft_delete.TestAuthedEndpoints" name="test_get_store_products" time="0.616" /><testcase classname="backend.tests.test_iter30_auth_and_soft_delete.TestAuthedEndpoints" name="test_get_store_orders" time="0.106" /><testcase classname="backend.tests.test_iter30_auth_and_soft_delete.TestAuthedEndpoints" name="test_get_inventory" time="0.101" /><testcase classname="backend.tests.test_iter30_auth_and_soft_delete.TestAuthedEndpoints" name="test_mark_all_present" time="0.109" /><testcase classname="backend.tests.test_iter30_auth_and_soft_delete.TestAuthedEndpoints" name="test_create_customer" time="0.103" /><testcase classname="backend.tests.test_iter30_auth_and_soft_delete.TestMultiUserLogin" name="test_admin_login" time="0.336" /><testcase classname="backend.tests.test_iter30_auth_and_soft_delete.TestSalonAdminUnlimitedAccess" name="test_services_get" time="0.095" /><testcase classname="backend.tests.test_iter30_auth_and_soft_delete.TestSalonAdminUnlimitedAccess" name="test_branches_list" time="0.095" /><testcase classname="backend.tests.test_iter30_auth_and_soft_delete.TestPlatformDeleteSalonAuthGuard" name="test_delete_without_token" time="0.108" /><testcase classname="backend.tests.test_iter30_auth_and_soft_delete.TestPlatformDeleteSalonAuthGuard" name="test_delete_with_salon_token_forbidden" time="0.095" /><testcase classname="backend.tests.test_iter30_auth_and_soft_delete.TestPlatformSalonsList" name="test_list_requires_platform_admin" time="0.096" /><testcase classname="backend.tests.test_iter30_soft_delete_flow.TestPlatformSoftDelete" name="test_auth_me" time="0.164" /><testcase classname="backend.tests.test_iter30_soft_delete_flow.TestPlatformSoftDelete" name="test_delete_nonexistent_returns_404" time="0.101" /><testcase classname="backend.tests.test_iter30_soft_delete_flow.TestPlatformSoftDelete" name="test_full_soft_delete_flow" time="1.096" /></testsuite></testsuites>